{"logTime": "0829/012106", "correlationVector":"ZlastTJjZljBdVuXMBzWSL.1","action":"SyncServerConnectionManagerRequest", "result":"SYNC_SERVER_OK", "context":{"environment":"Prod_EastUS2_000e", "migrationStage":"NotStarted", "server":"GENERAL0100001A"}}
{"logTime": "0829/012107", "correlationVector":"o53E8xJAnHdlF1DmM2K8zg","action":"SyncServerConnectionManagerRequest", "result":"SYNC_SERVER_OK", "context":{"environment":"", "migrationStage":"", "server":""}}
{"logTime": "0829/012107", "correlationVector":"ZlastTJjZljBdVuXMBzWSL","action":"Initial GetUpdates", "result":"", "context":Reason: NEW_CLIENT. cV=ZlastTJjZljBdVuXMBzWSL}
{"logTime": "0829/012107", "correlationVector":"ZlastTJjZljBdVuXMBzWSL.2","action":"GetUpdates Response", "result":"Success", "context":Received 1 update(s). cV=ZlastTJjZljBdVuXMBzWSL.0;server=GENERAL0100001A;cloudType=Consumer;environment=Prod_EastUS2_000e;migrationStage=NotStarted}
{"logTime": "0829/012107", "correlationVector":"XOz6RRT5nW7vXu9CFYqJKU","action":"Initial GetUpdates", "result":"", "context":Reason: NEWLY_SUPPORTED_DATATYPE. cV=XOz6RRT5nW7vXu9CFYqJKU}
{"logTime": "0829/012108", "correlationVector":"XOz6RRT5nW7vXu9CFYqJKU.1","action":"SyncServerConnectionManagerRequest", "result":"SYNC_SERVER_OK", "context":{"environment":"Prod_EastUS2_000e", "migrationStage":"NotStarted", "server":"GENERAL0100001U"}}
{"logTime": "0829/012108", "correlationVector":"XOz6RRT5nW7vXu9CFYqJKU.2","action":"GetUpdates", "result":"DeleteReceived", "context":{"id":"ff7b760a-9eb8-4959-8240-98c4a51db1ac", "isDeleted:":"true", "version":"1722710071778"}}
{"logTime": "0829/012108", "correlationVector":"XOz6RRT5nW7vXu9CFYqJKU.3","action":"GetUpdates", "result":"DeleteReceived", "context":{"id":"252102ee-c4d2-40dd-8956-a66ba8a1a877", "isDeleted:":"true", "version":"1722710071781"}}
{"logTime": "0829/012108", "correlationVector":"XOz6RRT5nW7vXu9CFYqJKU.4","action":"GetUpdates", "result":"DeleteReceived", "context":{"id":"9c94eb9c-cc7a-45c8-a4a3-b395f045536f", "isDeleted:":"true", "version":"1708310574208"}}
{"logTime": "0829/012108", "correlationVector":"XOz6RRT5nW7vXu9CFYqJKU.5","action":"GetUpdates", "result":"DeleteReceived", "context":{"id":"96f8d700-7fc6-420b-bb24-1678acacf28d", "isDeleted:":"true", "version":"1722710599893"}}
{"logTime": "0829/012108", "correlationVector":"XOz6RRT5nW7vXu9CFYqJKU.6","action":"GetUpdates", "result":"DeleteReceived", "context":{"id":"3918292c-b2bd-4faf-b06b-24e783602506", "isDeleted:":"true", "version":"1722710639052"}}
{"logTime": "0829/012108", "correlationVector":"XOz6RRT5nW7vXu9CFYqJKU.7","action":"GetUpdates", "result":"DeleteReceived", "context":{"id":"2ffe8c6b-53bf-4504-8680-76a933324f14", "isDeleted:":"true", "version":"1722710640890"}}
{"logTime": "0829/012108", "correlationVector":"XOz6RRT5nW7vXu9CFYqJKU.8","action":"GetUpdates", "result":"DeleteReceived", "context":{"id":"e9b7fe9e-9b0e-4241-a003-01fa560df14f", "isDeleted:":"true", "version":"1722710640891"}}
{"logTime": "0829/012108", "correlationVector":"XOz6RRT5nW7vXu9CFYqJKU.9","action":"GetUpdates Response", "result":"Success", "context":Received 226 update(s). cV=XOz6RRT5nW7vXu9CFYqJKU.0;server=GENERAL0100001U;cloudType=Consumer;environment=Prod_EastUS2_000e;migrationStage=NotStarted}
{"logTime": "0829/012108", "correlationVector":"gICtzjmWlRwnw0K8e8lwlP","action":"Initial GetUpdates", "result":"", "context":Reason: NEWLY_SUPPORTED_DATATYPE. cV=gICtzjmWlRwnw0K8e8lwlP}
{"logTime": "0829/012109", "correlationVector":"gICtzjmWlRwnw0K8e8lwlP.1","action":"SyncServerConnectionManagerRequest", "result":"SYNC_SERVER_OK", "context":{"environment":"Prod_EastUS2_000e", "migrationStage":"NotStarted", "server":"GENERAL01000026"}}
{"logTime": "0829/012109", "correlationVector":"gICtzjmWlRwnw0K8e8lwlP.2","action":"GetUpdates Response", "result":"Success", "context":Received 99 update(s). cV=gICtzjmWlRwnw0K8e8lwlP.0;server=GENERAL01000026;cloudType=Consumer;environment=Prod_EastUS2_000e;migrationStage=NotStarted}
{"logTime": "0829/012109", "correlationVector":"EQGVt1u5AsRx1yfJRvp+2S","action":"Initial GetUpdates", "result":"", "context":Reason: NEWLY_SUPPORTED_DATATYPE. cV=EQGVt1u5AsRx1yfJRvp+2S}
{"logTime": "0829/012109", "correlationVector":"EQGVt1u5AsRx1yfJRvp+2S.1","action":"SyncServerConnectionManagerRequest", "result":"SYNC_SERVER_OK", "context":{"environment":"Prod_EastUS2_000e", "migrationStage":"NotStarted", "server":"GENERAL01000006"}}
{"logTime": "0829/012109", "correlationVector":"EQGVt1u5AsRx1yfJRvp+2S.2","action":"GetUpdates Response", "result":"Success", "context":Received 105 update(s). cV=EQGVt1u5AsRx1yfJRvp+2S.0;server=GENERAL01000006;cloudType=Consumer;environment=Prod_EastUS2_000e;migrationStage=NotStarted}
{"logTime": "0829/012109", "correlationVector":"Mk78nFwY+9HX2YTdM2vCF7","action":"Normal GetUpdate request", "result":"", "context":cV=Mk78nFwY+9HX2YTdM2vCF7
Nudged types: Bookmarks, Device Info, User Consents
Refresh requested types: Bookmarks, Preferences, Passwords, Autofill Profiles, Autofill, Extensions, Extension settings, Device Info, User Consents, Send Tab To Self, Web Apps, Collection, Edge E Drop, Edge Hub App Usage, Edge Wallet, Encryption Keys}
{"logTime": "0829/012110", "correlationVector":"Mk78nFwY+9HX2YTdM2vCF7.1","action":"SyncServerConnectionManagerRequest", "result":"SYNC_SERVER_OK", "context":{"environment":"Prod_EastUS2_000e", "migrationStage":"NotStarted", "server":"GENERAL01000028"}}
{"logTime": "0829/012110", "correlationVector":"Mk78nFwY+9HX2YTdM2vCF7.2","action":"GetUpdates Response", "result":"Success", "context":Received 0 update(s). cV=Mk78nFwY+9HX2YTdM2vCF7.0;server=GENERAL01000028;cloudType=Consumer;environment=Prod_EastUS2_000e;migrationStage=NotStarted}
{"logTime": "0829/012110", "correlationVector":"+xmO1TzLXeTggMPFrxAwxo","action":"Commit Request", "result":"", "context":Item count: 40
Contributing types: Bookmarks, Device Info}
{"logTime": "0829/012112", "correlationVector":"+xmO1TzLXeTggMPFrxAwxo.1","action":"SyncServerConnectionManagerRequest", "result":"SYNC_SERVER_OK", "context":{"environment":"Prod_EastUS2_000e", "migrationStage":"NotStarted", "server":"GENERAL01000016"}}
{"logTime": "0829/012112", "correlationVector":"+xmO1TzLXeTggMPFrxAwxo.2","action":"Commit Response", "result":"Success", "context":Result: Success. cV=+xmO1TzLXeTggMPFrxAwxo.0;server=GENERAL01000016;cloudType=Consumer;environment=Prod_EastUS2_000e;migrationStage=NotStarted}
{"logTime": "0829/012112", "correlationVector":"XyhOnDDMutCdGCBPlf1kbx","action":"Commit Request", "result":"", "context":Item count: 33
Contributing types: Bookmarks, User Consents}
{"logTime": "0829/012115", "correlationVector":"XyhOnDDMutCdGCBPlf1kbx.1","action":"SyncServerConnectionManagerRequest", "result":"SYNC_SERVER_OK", "context":{"environment":"Prod_EastUS2_000e", "migrationStage":"NotStarted", "server":"GENERAL0100001D"}}
{"logTime": "0829/012115", "correlationVector":"XyhOnDDMutCdGCBPlf1kbx.2","action":"Commit Response", "result":"Success", "context":Result: Success. cV=XyhOnDDMutCdGCBPlf1kbx.0;server=GENERAL0100001D;cloudType=Consumer;environment=Prod_EastUS2_000e;migrationStage=NotStarted}
{"logTime": "0829/012115", "correlationVector":"Dfn69VWTn21Eotkgn02LiB","action":"Normal GetUpdate request", "result":"", "context":cV=Dfn69VWTn21Eotkgn02LiB
Nudged types: Device Info}
{"logTime": "0829/012118", "correlationVector":"Dfn69VWTn21Eotkgn02LiB.1","action":"SyncServerConnectionManagerRequest", "result":"SYNC_SERVER_OK", "context":{"environment":"Prod_EastUS2_000e", "migrationStage":"NotStarted", "server":"GENERAL0100002M"}}
{"logTime": "0829/012118", "correlationVector":"Dfn69VWTn21Eotkgn02LiB.2","action":"GetUpdates Response", "result":"Success", "context":Received 72 update(s). cV=Dfn69VWTn21Eotkgn02LiB.0;server=GENERAL0100002M;cloudType=Consumer;environment=Prod_EastUS2_000e;migrationStage=NotStarted}
{"logTime": "0829/012118", "correlationVector":"DN9viEcAkm1cza1VR1FdX9","action":"DoCompareDataConsistency requsted types: ", "result":"Bookmarks, Preferences, Passwords, Extensions, Extension settings, Send Tab To Self, Web Apps, Collection, Edge E Drop, Edge Wallet, Encryption Keys"}
{"logTime": "0829/012118", "correlationVector":"DN9viEcAkm1cza1VR1FdX9.0","action":"CompareDataConsistency result: ", "result":"Compare result: Encryption Keys is consistent. local entities count is: 1 local entities hash is: CifAVtZ98GkRxiG//yQxuV2RwcU="}
{"logTime": "0829/012118", "correlationVector":"DN9viEcAkm1cza1VR1FdX9.1","action":"CompareDataConsistency result: ", "result":"Compare result: Bookmarks is consistent. local entities count is: 100 local entities hash is: /n1znV0t6SzkMZsPr80PxXTEZgM="}
{"logTime": "0829/012118", "correlationVector":"DN9viEcAkm1cza1VR1FdX9.2","action":"CompareDataConsistency result: ", "result":"Compare result: Preferences is consistent. local entities count is: 71 local entities hash is: TBTXlkuqhHNeoDC+P/Za19wryj4="}
{"logTime": "0829/012118", "correlationVector":"DN9viEcAkm1cza1VR1FdX9.3","action":"CompareDataConsistency result: ", "result":"Compare result: Extensions is consistent. local entities count is: 8 local entities hash is: HR/b+9lcFMWjA0jrAP9ixc7XOjY="}
{"logTime": "0829/012118", "correlationVector":"DN9viEcAkm1cza1VR1FdX9.4","action":"CompareDataConsistency result: ", "result":"Compare result: Extension settings is consistent. local entities count is: 1 local entities hash is: 65bKgf7/b9HWZBhUf3zLY0ZbHuE="}
{"logTime": "0829/012118", "correlationVector":"DN9viEcAkm1cza1VR1FdX9.5","action":"CompareDataConsistency result: ", "result":"Server did not send this Send Tab To Self local entities count is: 0 local entities hash is: "}
{"logTime": "0829/012118", "correlationVector":"DN9viEcAkm1cza1VR1FdX9.6","action":"CompareDataConsistency result: ", "result":"Compare result: Web Apps is consistent. local entities count is: 0 local entities hash is: "}
{"logTime": "0829/012118", "correlationVector":"DN9viEcAkm1cza1VR1FdX9.7","action":"CompareDataConsistency result: ", "result":"Compare result: Collection is consistent. local entities count is: 0 local entities hash is: "}
{"logTime": "0829/012118", "correlationVector":"DN9viEcAkm1cza1VR1FdX9.8","action":"CompareDataConsistency result: ", "result":"Compare result: Edge E Drop is consistent. local entities count is: 0 local entities hash is: "}
{"logTime": "0829/012118", "correlationVector":"DN9viEcAkm1cza1VR1FdX9.9","action":"CompareDataConsistency result: ", "result":"Compare result: Edge Wallet is consistent. local entities count is: 0 local entities hash is: "}
{"logTime": "0829/012118", "correlationVector":"DN9viEcAkm1cza1VR1FdX9.10","action":"CompareDataConsistency result: ", "result":"Compare result: Passwords is consistent. local entities count is: 144 local entities hash is: 2m11Hb8p/fB33l6i403r56DSXA0="}
{"logTime": "0829/012118", "correlationVector":"","action":"DIAGNOSTIC_REQUEST|v1/diagnosticData/Diagnostic.SendCheckResult()|SUCCESS", "result":""}
